<?xml version="1.0" encoding="UTF-8"?>
<!-- Generated by org.testng.reporters.JUnitXMLReporter -->
<testsuite ignored="0" hostname="Uffffffffffoooooooooooo" failures="1" tests="1" name="Surefire test" time="0.079" errors="0" timestamp="2024-09-08T15:31:46 IST">
  <testcase classname="Assignment.SeleniumGridTest" name="amazonBrowserTest" time="0.0">
    <failure type="org.testng.TestNGException" message="
Parameter &amp;apos;browserName&amp;apos; is required by @Test on method amazonBrowserTest but has not been marked @Optional or defined
">
      <![CDATA[org.testng.TestNGException: 
Parameter 'browserName' is required by @Test on method amazonBrowserTest but has not been marked @Optional or defined

at java.base/java.util.ArrayList.forEach(ArrayList.java:1511)
... Removed 31 stack frames]]>
    </failure>
  </testcase> <!-- amazonBrowserTest -->
</testsuite> <!-- Surefire test -->
