<?xml version="1.0" encoding="UTF-8"?>
<!-- Generated by org.testng.reporters.JUnitXMLReporter -->
<testsuite ignored="0" hostname="Uffffffffffoooooooooooo" failures="1" tests="1" name="Test" time="0.085" errors="0" timestamp="2024-09-08T15:34:14 IST">
  <testcase classname="Assignment.SeleniumGridTest" name="amazonBrowserTest" time="0.0">
    <failure type="org.testng.TestNGException" message="
Parameter &amp;apos;browserName&amp;apos; is required by @Test on method amazonBrowserTest but has not been marked @Optional or defined
in D:\MavenProject\CrossBrowser\testng.xml">
      <![CDATA[org.testng.TestNGException: 
Parameter 'browserName' is required by @Test on method amazonBrowserTest but has not been marked @Optional or defined
in D:\MavenProject\CrossBrowser\testng.xml
at java.base/java.util.ArrayList.forEach(ArrayList.java:1511)
... Removed 30 stack frames]]>
    </failure>
  </testcase> <!-- amazonBrowserTest -->
</testsuite> <!-- Test -->
